This is pdfTeX, Version 3.141592653-2.6-1.40.26 (MiKTeX 24.4 Portable) (preloaded format=pdflatex 2024.10.28)  31 JAN 2025 19:12
entering extended mode
 \write18 enabled.
 %&-line parsing enabled.
**./materi_paparan_webinar_distributed_caching_20250131.tex
(materi_paparan_webinar_distributed_caching_20250131.tex
LaTeX2e <2024-06-01> patch level 2
L3 programming layer <2024-10-09>

(C:\Users\achma\scoop\apps\latex\current\texmfs\install\tex/latex/base\book.cls
Document Class: book 2024/02/08 v1.4n Standard LaTeX document class

(C:\Users\achma\scoop\apps\latex\current\texmfs\install\tex/latex/base\bk11.clo
File: bk11.clo 2024/02/08 v1.4n Standard LaTeX file (size option)
)
\c@part=\count194
\c@chapter=\count195
\c@section=\count196
\c@subsection=\count197
\c@subsubsection=\count198
\c@paragraph=\count199
\c@subparagraph=\count266
\c@figure=\count267
\c@table=\count268
\abovecaptionskip=\skip49
\belowcaptionskip=\skip50
\bibindent=\dimen141
)
(C:\Users\achma\scoop\apps\latex\current\texmfs\install\tex/generic/babel\babel
.sty
Package: babel 2024/10/20 v24.12 The multilingual framework for pdfLaTeX, LuaLa
TeX and XeLaTeX
\babel@savecnt=\count269
\U@D=\dimen142
\l@unhyphenated=\language79

(C:\Users\achma\scoop\apps\latex\current\texmfs\install\tex/generic/babel\txtba
bel.def)
\bbl@readstream=\read2
\bbl@dirlevel=\count270

*************************************
* Local config file bblopts.cfg used
*

(C:\Users\achma\scoop\apps\latex\current\texmfs\install\tex/latex/arabi\bblopts
.cfg
File: bblopts.cfg 2005/09/08 v0.1 add Arabic and Farsi to "declared" options of
 babel
)
(C:\Users\achma\scoop\apps\latex\current\texmfs\install\tex/latex/babel-indones
ian\bahasa.ldf
Language: bahasa 2017/02/15 v1.0m Bahasa Indonesia support from the babel syste
m

(C:\Users\achma\scoop\apps\latex\current\texmfs\install\tex/latex/babel-indones
ian\indonesian.ldf
Language: indonesian 2017/02/15 v1.0m Bahasa Indonesia support from the babel s
ystem
)))
(C:\Users\achma\scoop\apps\latex\current\texmfs\install\tex/latex/base\inputenc
.sty
Package: inputenc 2024/02/08 v1.3d Input encoding file
\inpenc@prehook=\toks17
\inpenc@posthook=\toks18
)
(C:\Users\achma\scoop\apps\latex\current\texmfs\install\tex/latex/graphics\grap
hicx.sty
Package: graphicx 2021/09/16 v1.2d Enhanced LaTeX Graphics (DPC,SPQR)

(C:\Users\achma\scoop\apps\latex\current\texmfs\install\tex/latex/graphics\keyv
al.sty
Package: keyval 2022/05/29 v1.15 key=value parser (DPC)
\KV@toks@=\toks19
)
(C:\Users\achma\scoop\apps\latex\current\texmfs\install\tex/latex/graphics\grap
hics.sty
Package: graphics 2024/05/23 v1.4g Standard LaTeX Graphics (DPC,SPQR)

(C:\Users\achma\scoop\apps\latex\current\texmfs\install\tex/latex/graphics\trig
.sty
Package: trig 2023/12/02 v1.11 sin cos tan (DPC)
)
(C:\Users\achma\scoop\apps\latex\current\texmfs\install\tex/latex/graphics-cfg\
graphics.cfg
File: graphics.cfg 2016/06/04 v1.11 sample graphics configuration
)
Package graphics Info: Driver file: pdftex.def on input line 106.

(C:\Users\achma\scoop\apps\latex\current\texmfs\install\tex/latex/graphics-def\
pdftex.def
File: pdftex.def 2024/04/13 v1.2c Graphics/color driver for pdftex
))
\Gin@req@height=\dimen143
\Gin@req@width=\dimen144
)
(C:\Users\achma\scoop\apps\latex\current\texmfs\install\tex/latex/hyperref\hype
rref.sty
Package: hyperref 2024-07-10 v7.01j Hypertext links for LaTeX

(C:\Users\achma\scoop\apps\latex\current\texmfs\install\tex/generic/iftex\iftex
.sty
Package: iftex 2022/02/03 v1.0f TeX engine tests
)
(C:\Users\achma\scoop\apps\latex\current\texmfs\install\tex/latex/kvsetkeys\kvs
etkeys.sty
Package: kvsetkeys 2022-10-05 v1.19 Key value parser (HO)
)
(C:\Users\achma\scoop\apps\latex\current\texmfs\install\tex/generic/kvdefinekey
s\kvdefinekeys.sty
Package: kvdefinekeys 2019-12-19 v1.6 Define keys (HO)
)
(C:\Users\achma\scoop\apps\latex\current\texmfs\install\tex/generic/pdfescape\p
dfescape.sty
Package: pdfescape 2019/12/09 v1.15 Implements pdfTeX's escape features (HO)

(C:\Users\achma\scoop\apps\latex\current\texmfs\install\tex/generic/ltxcmds\ltx
cmds.sty
Package: ltxcmds 2023-12-04 v1.26 LaTeX kernel commands for general use (HO)
)
(C:\Users\achma\scoop\apps\latex\current\texmfs\install\tex/generic/pdftexcmds\
pdftexcmds.sty
Package: pdftexcmds 2020-06-27 v0.33 Utility functions of pdfTeX for LuaTeX (HO
)

(C:\Users\achma\scoop\apps\latex\current\texmfs\install\tex/generic/infwarerr\i
nfwarerr.sty
Package: infwarerr 2019/12/03 v1.5 Providing info/warning/error messages (HO)
)
Package pdftexcmds Info: \pdf@primitive is available.
Package pdftexcmds Info: \pdf@ifprimitive is available.
Package pdftexcmds Info: \pdfdraftmode found.
))
(C:\Users\achma\scoop\apps\latex\current\texmfs\install\tex/latex/hycolor\hycol
or.sty
Package: hycolor 2020-01-27 v1.10 Color options for hyperref/bookmark (HO)
)
(C:\Users\achma\scoop\apps\latex\current\texmfs\install\tex/latex/hyperref\name
ref.sty
Package: nameref 2023-11-26 v2.56 Cross-referencing by name of section

(C:\Users\achma\scoop\apps\latex\current\texmfs\install\tex/latex/refcount\refc
ount.sty
Package: refcount 2019/12/15 v3.6 Data extraction from label references (HO)
)
(C:\Users\achma\scoop\apps\latex\current\texmfs\install\tex/generic/gettitlestr
ing\gettitlestring.sty
Package: gettitlestring 2019/12/15 v1.6 Cleanup title references (HO)

(C:\Users\achma\scoop\apps\latex\current\texmfs\install\tex/latex/kvoptions\kvo
ptions.sty
Package: kvoptions 2022-06-15 v3.15 Key value format for package options (HO)
))
\c@section@level=\count271
)
(C:\Users\achma\scoop\apps\latex\current\texmfs\install\tex/latex/etoolbox\etoo
lbox.sty
Package: etoolbox 2020/10/05 v2.5k e-TeX tools for LaTeX (JAW)
\etb@tempcnta=\count272
)
(C:\Users\achma\scoop\apps\latex\current\texmfs\install\tex/generic/stringenc\s
tringenc.sty
Package: stringenc 2019/11/29 v1.12 Convert strings between diff. encodings (HO
)
)
\@linkdim=\dimen145
\Hy@linkcounter=\count273
\Hy@pagecounter=\count274

(C:\Users\achma\scoop\apps\latex\current\texmfs\install\tex/latex/hyperref\pd1e
nc.def
File: pd1enc.def 2024-07-10 v7.01j Hyperref: PDFDocEncoding definition (HO)
Now handling font encoding PD1 ...
... no UTF-8 mapping file for font encoding PD1
)
(C:\Users\achma\scoop\apps\latex\current\texmfs\install\tex/generic/intcalc\int
calc.sty
Package: intcalc 2019/12/15 v1.3 Expandable calculations with integers (HO)
)
\Hy@SavedSpaceFactor=\count275

(C:\Users\achma\scoop\apps\latex\current\texmfs\install\tex/latex/hyperref\puen
c.def
File: puenc.def 2024-07-10 v7.01j Hyperref: PDF Unicode definition (HO)
Now handling font encoding PU ...
... no UTF-8 mapping file for font encoding PU
)
Package hyperref Info: Hyper figures OFF on input line 4157.
Package hyperref Info: Link nesting OFF on input line 4162.
Package hyperref Info: Hyper index ON on input line 4165.
Package hyperref Info: Plain pages OFF on input line 4172.
Package hyperref Info: Backreferencing OFF on input line 4177.
Package hyperref Info: Implicit mode ON; LaTeX internals redefined.
Package hyperref Info: Bookmarks ON on input line 4424.
\c@Hy@tempcnt=\count276

(C:\Users\achma\scoop\apps\latex\current\texmfs\install\tex/latex/url\url.sty
\Urlmuskip=\muskip17
Package: url 2013/09/16  ver 3.4  Verb mode for urls, etc.
)
LaTeX Info: Redefining \url on input line 4763.
\XeTeXLinkMargin=\dimen146

(C:\Users\achma\scoop\apps\latex\current\texmfs\install\tex/generic/bitset\bits
et.sty
Package: bitset 2019/12/09 v1.3 Handle bit-vector datatype (HO)

(C:\Users\achma\scoop\apps\latex\current\texmfs\install\tex/generic/bigintcalc\
bigintcalc.sty
Package: bigintcalc 2019/12/15 v1.5 Expandable calculations on big integers (HO
)
))
\Fld@menulength=\count277
\Field@Width=\dimen147
\Fld@charsize=\dimen148
Package hyperref Info: Hyper figures OFF on input line 6042.
Package hyperref Info: Link nesting OFF on input line 6047.
Package hyperref Info: Hyper index ON on input line 6050.
Package hyperref Info: backreferencing OFF on input line 6057.
Package hyperref Info: Link coloring OFF on input line 6062.
Package hyperref Info: Link coloring with OCG OFF on input line 6067.
Package hyperref Info: PDF/A mode OFF on input line 6072.

(C:\Users\achma\scoop\apps\latex\current\texmfs\install\tex/latex/base\atbegshi
-ltx.sty
Package: atbegshi-ltx 2021/01/10 v1.0c Emulation of the original atbegshi
package with kernel methods
)
\Hy@abspage=\count278
\c@Item=\count279
\c@Hfootnote=\count280
)
Package hyperref Info: Driver (autodetected): hpdftex.

(C:\Users\achma\scoop\apps\latex\current\texmfs\install\tex/latex/hyperref\hpdf
tex.def
File: hpdftex.def 2024-07-10 v7.01j Hyperref driver for pdfTeX

(C:\Users\achma\scoop\apps\latex\current\texmfs\install\tex/latex/base\atveryen
d-ltx.sty
Package: atveryend-ltx 2020/08/19 v1.0a Emulation of the original atveryend pac
kage
with kernel methods
)
\Fld@listcount=\count281
\c@bookmark@seq@number=\count282

(C:\Users\achma\scoop\apps\latex\current\texmfs\install\tex/latex/rerunfilechec
k\rerunfilecheck.sty
Package: rerunfilecheck 2022-07-10 v1.10 Rerun checks for auxiliary files (HO)

(C:\Users\achma\scoop\apps\latex\current\texmfs\install\tex/generic/uniquecount
er\uniquecounter.sty
Package: uniquecounter 2019/12/15 v1.4 Provide unlimited unique counter (HO)
)
Package uniquecounter Info: New unique counter `rerunfilecheck' on input line 2
85.
)
\Hy@SectionHShift=\skip51
)
(C:\Users\achma\scoop\apps\latex\current\texmfs\install\tex/latex/quoting\quoti
ng.sty
Package: quoting 2014/01/28 v0.1c Consolidated environment for displayed text
\quo@toppartop=\skip52
)
(C:\Users\achma\scoop\apps\latex\current\texmfs\install\tex/latex/listings\list
ings.sty
\lst@mode=\count283
\lst@gtempboxa=\box52
\lst@token=\toks20
\lst@length=\count284
\lst@currlwidth=\dimen149
\lst@column=\count285
\lst@pos=\count286
\lst@lostspace=\dimen150
\lst@width=\dimen151
\lst@newlines=\count287
\lst@lineno=\count288
\lst@maxwidth=\dimen152

(C:\Users\achma\scoop\apps\latex\current\texmfs\install\tex/latex/listings\lstp
atch.sty
File: lstpatch.sty 2024/09/23 1.10c (Carsten Heinz)
)
(C:\Users\achma\scoop\apps\latex\current\texmfs\install\tex/latex/listings\lstm
isc.sty
File: lstmisc.sty 2024/09/23 1.10c (Carsten Heinz)
\c@lstnumber=\count289
\lst@skipnumbers=\count290
\lst@framebox=\box53
)
(C:\Users\achma\scoop\apps\latex\current\texmfs\install\tex/latex/listings\list
ings.cfg
File: listings.cfg 2024/09/23 1.10c listings configuration
))
Package: listings 2024/09/23 1.10c (Carsten Heinz)

(C:\Users\achma\scoop\apps\latex\current\texmfs\install\tex/latex/xcolor\xcolor
.sty
Package: xcolor 2024/09/29 v3.02 LaTeX color extensions (UK)

(C:\Users\achma\scoop\apps\latex\current\texmfs\install\tex/latex/graphics-cfg\
color.cfg
File: color.cfg 2016/01/02 v1.6 sample color configuration
)
Package xcolor Info: Driver file: pdftex.def on input line 274.

(C:\Users\achma\scoop\apps\latex\current\texmfs\install\tex/latex/graphics\math
color.ltx)
Package xcolor Info: Model `cmy' substituted by `cmy0' on input line 1349.
Package xcolor Info: Model `hsb' substituted by `rgb' on input line 1353.
Package xcolor Info: Model `RGB' extended on input line 1365.
Package xcolor Info: Model `HTML' substituted by `rgb' on input line 1367.
Package xcolor Info: Model `Hsb' substituted by `hsb' on input line 1368.
Package xcolor Info: Model `tHsb' substituted by `hsb' on input line 1369.
Package xcolor Info: Model `HSB' substituted by `hsb' on input line 1370.
Package xcolor Info: Model `Gray' substituted by `gray' on input line 1371.
Package xcolor Info: Model `wave' substituted by `hsb' on input line 1372.
)
(C:\Users\achma\scoop\apps\latex\current\texmfs\install\tex/latex/tools\tabular
x.sty
Package: tabularx 2023/12/11 v2.12a `tabularx' package (DPC)

(C:\Users\achma\scoop\apps\latex\current\texmfs\install\tex/latex/tools\array.s
ty
Package: array 2024/06/14 v2.6d Tabular extension package (FMi)
\col@sep=\dimen153
\ar@mcellbox=\box54
\extrarowheight=\dimen154
\NC@list=\toks21
\extratabsurround=\skip53
\backup@length=\skip54
\ar@cellbox=\box55
)
\TX@col@width=\dimen155
\TX@old@table=\dimen156
\TX@old@col=\dimen157
\TX@target=\dimen158
\TX@delta=\dimen159
\TX@cols=\count291
\TX@ftn=\toks22
)
(C:\Users\achma\scoop\apps\latex\current\texmfs\install\tex/latex/adjustbox\adj
ustbox.sty
Package: adjustbox 2022/10/17 v1.3a Adjusting TeX boxes (trim, clip, ...)

(C:\Users\achma\scoop\apps\latex\current\texmfs\install\tex/latex/xkeyval\xkeyv
al.sty
Package: xkeyval 2022/06/16 v2.9 package option processing (HA)

(C:\Users\achma\scoop\apps\latex\current\texmfs\install\tex/generic/xkeyval\xke
yval.tex
(C:\Users\achma\scoop\apps\latex\current\texmfs\install\tex/generic/xkeyval\xkv
utils.tex
\XKV@toks=\toks23
\XKV@tempa@toks=\toks24
)
\XKV@depth=\count292
File: xkeyval.tex 2014/12/03 v2.7a key=value parser (HA)
))
(C:\Users\achma\scoop\apps\latex\current\texmfs\install\tex/latex/adjustbox\adj
calc.sty
Package: adjcalc 2012/05/16 v1.1 Provides advanced setlength with multiple back
-ends (calc, etex, pgfmath)
)
(C:\Users\achma\scoop\apps\latex\current\texmfs\install\tex/latex/adjustbox\tri
mclip.sty
Package: trimclip 2020/08/19 v1.2 Trim and clip general TeX material

(C:\Users\achma\scoop\apps\latex\current\texmfs\install\tex/latex/collectbox\co
llectbox.sty
Package: collectbox 2022/10/17 v0.4c Collect macro arguments as boxes
\collectedbox=\box56
)
\tc@llx=\dimen160
\tc@lly=\dimen161
\tc@urx=\dimen162
\tc@ury=\dimen163
Package trimclip Info: Using driver 'tc-pdftex.def'.

(C:\Users\achma\scoop\apps\latex\current\texmfs\install\tex/latex/adjustbox\tc-
pdftex.def
File: tc-pdftex.def 2019/01/04 v2.2 Clipping driver for pdftex
))
\adjbox@Width=\dimen164
\adjbox@Height=\dimen165
\adjbox@Depth=\dimen166
\adjbox@Totalheight=\dimen167
\adjbox@pwidth=\dimen168
\adjbox@pheight=\dimen169
\adjbox@pdepth=\dimen170
\adjbox@ptotalheight=\dimen171

(C:\Users\achma\scoop\apps\latex\current\texmfs\install\tex/latex/ifoddpage\ifo
ddpage.sty
Package: ifoddpage 2022/10/18 v1.2 Conditionals for odd/even page detection
\c@checkoddpage=\count293
)
(C:\Users\achma\scoop\apps\latex\current\texmfs\install\tex/latex/varwidth\varw
idth.sty
Package: varwidth 2009/03/30 ver 0.92;  Variable-width minipages
\@vwid@box=\box57
\sift@deathcycles=\count294
\@vwid@loff=\dimen172
\@vwid@roff=\dimen173
))
(C:\Users\achma\scoop\apps\latex\current\texmfs\install\tex/latex/pgf/frontendl
ayer\tikz.sty
(C:\Users\achma\scoop\apps\latex\current\texmfs\install\tex/latex/pgf/basiclaye
r\pgf.sty
(C:\Users\achma\scoop\apps\latex\current\texmfs\install\tex/latex/pgf/utilities
\pgfrcs.sty
(C:\Users\achma\scoop\apps\latex\current\texmfs\install\tex/generic/pgf/utiliti
es\pgfutil-common.tex
\pgfutil@everybye=\toks25
\pgfutil@tempdima=\dimen174
\pgfutil@tempdimb=\dimen175
)
(C:\Users\achma\scoop\apps\latex\current\texmfs\install\tex/generic/pgf/utiliti
es\pgfutil-latex.def
\pgfutil@abb=\box58
)
(C:\Users\achma\scoop\apps\latex\current\texmfs\install\tex/generic/pgf/utiliti
es\pgfrcs.code.tex
(C:\Users\achma\scoop\apps\latex\current\texmfs\install\tex/generic/pgf\pgf.rev
ision.tex)
Package: pgfrcs 2023-01-15 v3.1.10 (3.1.10)
))
Package: pgf 2023-01-15 v3.1.10 (3.1.10)

(C:\Users\achma\scoop\apps\latex\current\texmfs\install\tex/latex/pgf/basiclaye
r\pgfcore.sty
(C:\Users\achma\scoop\apps\latex\current\texmfs\install\tex/latex/pgf/systemlay
er\pgfsys.sty
(C:\Users\achma\scoop\apps\latex\current\texmfs\install\tex/generic/pgf/systeml
ayer\pgfsys.code.tex
Package: pgfsys 2023-01-15 v3.1.10 (3.1.10)

(C:\Users\achma\scoop\apps\latex\current\texmfs\install\tex/generic/pgf/utiliti
es\pgfkeys.code.tex
\pgfkeys@pathtoks=\toks26
\pgfkeys@temptoks=\toks27

(C:\Users\achma\scoop\apps\latex\current\texmfs\install\tex/generic/pgf/utiliti
es\pgfkeyslibraryfiltered.code.tex
\pgfkeys@tmptoks=\toks28
))
\pgf@x=\dimen176
\pgf@y=\dimen177
\pgf@xa=\dimen178
\pgf@ya=\dimen179
\pgf@xb=\dimen180
\pgf@yb=\dimen181
\pgf@xc=\dimen182
\pgf@yc=\dimen183
\pgf@xd=\dimen184
\pgf@yd=\dimen185
\w@pgf@writea=\write3
\r@pgf@reada=\read3
\c@pgf@counta=\count295
\c@pgf@countb=\count296
\c@pgf@countc=\count297
\c@pgf@countd=\count298
\t@pgf@toka=\toks29
\t@pgf@tokb=\toks30
\t@pgf@tokc=\toks31
\pgf@sys@id@count=\count299

(C:\Users\achma\scoop\apps\latex\current\texmfs\install\tex/generic/pgf/systeml
ayer\pgf.cfg
File: pgf.cfg 2023-01-15 v3.1.10 (3.1.10)
)
Driver file for pgf: pgfsys-pdftex.def

(C:\Users\achma\scoop\apps\latex\current\texmfs\install\tex/generic/pgf/systeml
ayer\pgfsys-pdftex.def
File: pgfsys-pdftex.def 2023-01-15 v3.1.10 (3.1.10)

(C:\Users\achma\scoop\apps\latex\current\texmfs\install\tex/generic/pgf/systeml
ayer\pgfsys-common-pdf.def
File: pgfsys-common-pdf.def 2023-01-15 v3.1.10 (3.1.10)
)))
(C:\Users\achma\scoop\apps\latex\current\texmfs\install\tex/generic/pgf/systeml
ayer\pgfsyssoftpath.code.tex
File: pgfsyssoftpath.code.tex 2023-01-15 v3.1.10 (3.1.10)
\pgfsyssoftpath@smallbuffer@items=\count300
\pgfsyssoftpath@bigbuffer@items=\count301
)
(C:\Users\achma\scoop\apps\latex\current\texmfs\install\tex/generic/pgf/systeml
ayer\pgfsysprotocol.code.tex
File: pgfsysprotocol.code.tex 2023-01-15 v3.1.10 (3.1.10)
))
(C:\Users\achma\scoop\apps\latex\current\texmfs\install\tex/generic/pgf/basicla
yer\pgfcore.code.tex
Package: pgfcore 2023-01-15 v3.1.10 (3.1.10)

(C:\Users\achma\scoop\apps\latex\current\texmfs\install\tex/generic/pgf/math\pg
fmath.code.tex
(C:\Users\achma\scoop\apps\latex\current\texmfs\install\tex/generic/pgf/math\pg
fmathutil.code.tex)
(C:\Users\achma\scoop\apps\latex\current\texmfs\install\tex/generic/pgf/math\pg
fmathparser.code.tex
\pgfmath@dimen=\dimen186
\pgfmath@count=\count302
\pgfmath@box=\box59
\pgfmath@toks=\toks32
\pgfmath@stack@operand=\toks33
\pgfmath@stack@operation=\toks34
)
(C:\Users\achma\scoop\apps\latex\current\texmfs\install\tex/generic/pgf/math\pg
fmathfunctions.code.tex)
(C:\Users\achma\scoop\apps\latex\current\texmfs\install\tex/generic/pgf/math\pg
fmathfunctions.basic.code.tex)
(C:\Users\achma\scoop\apps\latex\current\texmfs\install\tex/generic/pgf/math\pg
fmathfunctions.trigonometric.code.tex)
(C:\Users\achma\scoop\apps\latex\current\texmfs\install\tex/generic/pgf/math\pg
fmathfunctions.random.code.tex)
(C:\Users\achma\scoop\apps\latex\current\texmfs\install\tex/generic/pgf/math\pg
fmathfunctions.comparison.code.tex)
(C:\Users\achma\scoop\apps\latex\current\texmfs\install\tex/generic/pgf/math\pg
fmathfunctions.base.code.tex)
(C:\Users\achma\scoop\apps\latex\current\texmfs\install\tex/generic/pgf/math\pg
fmathfunctions.round.code.tex)
(C:\Users\achma\scoop\apps\latex\current\texmfs\install\tex/generic/pgf/math\pg
fmathfunctions.misc.code.tex)
(C:\Users\achma\scoop\apps\latex\current\texmfs\install\tex/generic/pgf/math\pg
fmathfunctions.integerarithmetics.code.tex)
(C:\Users\achma\scoop\apps\latex\current\texmfs\install\tex/generic/pgf/math\pg
fmathcalc.code.tex)
(C:\Users\achma\scoop\apps\latex\current\texmfs\install\tex/generic/pgf/math\pg
fmathfloat.code.tex
\c@pgfmathroundto@lastzeros=\count303
))
(C:\Users\achma\scoop\apps\latex\current\texmfs\install\tex/generic/pgf/math\pg
fint.code.tex)
(C:\Users\achma\scoop\apps\latex\current\texmfs\install\tex/generic/pgf/basicla
yer\pgfcorepoints.code.tex
File: pgfcorepoints.code.tex 2023-01-15 v3.1.10 (3.1.10)
\pgf@picminx=\dimen187
\pgf@picmaxx=\dimen188
\pgf@picminy=\dimen189
\pgf@picmaxy=\dimen190
\pgf@pathminx=\dimen191
\pgf@pathmaxx=\dimen192
\pgf@pathminy=\dimen193
\pgf@pathmaxy=\dimen194
\pgf@xx=\dimen195
\pgf@xy=\dimen196
\pgf@yx=\dimen197
\pgf@yy=\dimen198
\pgf@zx=\dimen199
\pgf@zy=\dimen256
)
(C:\Users\achma\scoop\apps\latex\current\texmfs\install\tex/generic/pgf/basicla
yer\pgfcorepathconstruct.code.tex
File: pgfcorepathconstruct.code.tex 2023-01-15 v3.1.10 (3.1.10)
\pgf@path@lastx=\dimen257
\pgf@path@lasty=\dimen258
)
(C:\Users\achma\scoop\apps\latex\current\texmfs\install\tex/generic/pgf/basicla
yer\pgfcorepathusage.code.tex
File: pgfcorepathusage.code.tex 2023-01-15 v3.1.10 (3.1.10)
\pgf@shorten@end@additional=\dimen259
\pgf@shorten@start@additional=\dimen260
)
(C:\Users\achma\scoop\apps\latex\current\texmfs\install\tex/generic/pgf/basicla
yer\pgfcorescopes.code.tex
File: pgfcorescopes.code.tex 2023-01-15 v3.1.10 (3.1.10)
\pgfpic=\box60
\pgf@hbox=\box61
\pgf@layerbox@main=\box62
\pgf@picture@serial@count=\count304
)
(C:\Users\achma\scoop\apps\latex\current\texmfs\install\tex/generic/pgf/basicla
yer\pgfcoregraphicstate.code.tex
File: pgfcoregraphicstate.code.tex 2023-01-15 v3.1.10 (3.1.10)
\pgflinewidth=\dimen261
)
(C:\Users\achma\scoop\apps\latex\current\texmfs\install\tex/generic/pgf/basicla
yer\pgfcoretransformations.code.tex
File: pgfcoretransformations.code.tex 2023-01-15 v3.1.10 (3.1.10)
\pgf@pt@x=\dimen262
\pgf@pt@y=\dimen263
\pgf@pt@temp=\dimen264
)
(C:\Users\achma\scoop\apps\latex\current\texmfs\install\tex/generic/pgf/basicla
yer\pgfcorequick.code.tex
File: pgfcorequick.code.tex 2023-01-15 v3.1.10 (3.1.10)
)
(C:\Users\achma\scoop\apps\latex\current\texmfs\install\tex/generic/pgf/basicla
yer\pgfcoreobjects.code.tex
File: pgfcoreobjects.code.tex 2023-01-15 v3.1.10 (3.1.10)
)
(C:\Users\achma\scoop\apps\latex\current\texmfs\install\tex/generic/pgf/basicla
yer\pgfcorepathprocessing.code.tex
File: pgfcorepathprocessing.code.tex 2023-01-15 v3.1.10 (3.1.10)
)
(C:\Users\achma\scoop\apps\latex\current\texmfs\install\tex/generic/pgf/basicla
yer\pgfcorearrows.code.tex
File: pgfcorearrows.code.tex 2023-01-15 v3.1.10 (3.1.10)
\pgfarrowsep=\dimen265
)
(C:\Users\achma\scoop\apps\latex\current\texmfs\install\tex/generic/pgf/basicla
yer\pgfcoreshade.code.tex
File: pgfcoreshade.code.tex 2023-01-15 v3.1.10 (3.1.10)
\pgf@max=\dimen266
\pgf@sys@shading@range@num=\count305
\pgf@shadingcount=\count306
)
(C:\Users\achma\scoop\apps\latex\current\texmfs\install\tex/generic/pgf/basicla
yer\pgfcoreimage.code.tex
File: pgfcoreimage.code.tex 2023-01-15 v3.1.10 (3.1.10)
)
(C:\Users\achma\scoop\apps\latex\current\texmfs\install\tex/generic/pgf/basicla
yer\pgfcoreexternal.code.tex
File: pgfcoreexternal.code.tex 2023-01-15 v3.1.10 (3.1.10)
\pgfexternal@startupbox=\box63
)
(C:\Users\achma\scoop\apps\latex\current\texmfs\install\tex/generic/pgf/basicla
yer\pgfcorelayers.code.tex
File: pgfcorelayers.code.tex 2023-01-15 v3.1.10 (3.1.10)
)
(C:\Users\achma\scoop\apps\latex\current\texmfs\install\tex/generic/pgf/basicla
yer\pgfcoretransparency.code.tex
File: pgfcoretransparency.code.tex 2023-01-15 v3.1.10 (3.1.10)
)
(C:\Users\achma\scoop\apps\latex\current\texmfs\install\tex/generic/pgf/basicla
yer\pgfcorepatterns.code.tex
File: pgfcorepatterns.code.tex 2023-01-15 v3.1.10 (3.1.10)
)
(C:\Users\achma\scoop\apps\latex\current\texmfs\install\tex/generic/pgf/basicla
yer\pgfcorerdf.code.tex
File: pgfcorerdf.code.tex 2023-01-15 v3.1.10 (3.1.10)
)))
(C:\Users\achma\scoop\apps\latex\current\texmfs\install\tex/generic/pgf/modules
\pgfmoduleshapes.code.tex
File: pgfmoduleshapes.code.tex 2023-01-15 v3.1.10 (3.1.10)
\pgfnodeparttextbox=\box64
)
(C:\Users\achma\scoop\apps\latex\current\texmfs\install\tex/generic/pgf/modules
\pgfmoduleplot.code.tex
File: pgfmoduleplot.code.tex 2023-01-15 v3.1.10 (3.1.10)
)
(C:\Users\achma\scoop\apps\latex\current\texmfs\install\tex/latex/pgf/compatibi
lity\pgfcomp-version-0-65.sty
Package: pgfcomp-version-0-65 2023-01-15 v3.1.10 (3.1.10)
\pgf@nodesepstart=\dimen267
\pgf@nodesepend=\dimen268
)
(C:\Users\achma\scoop\apps\latex\current\texmfs\install\tex/latex/pgf/compatibi
lity\pgfcomp-version-1-18.sty
Package: pgfcomp-version-1-18 2023-01-15 v3.1.10 (3.1.10)
))
(C:\Users\achma\scoop\apps\latex\current\texmfs\install\tex/latex/pgf/utilities
\pgffor.sty
(C:\Users\achma\scoop\apps\latex\current\texmfs\install\tex/latex/pgf/utilities
\pgfkeys.sty
(C:\Users\achma\scoop\apps\latex\current\texmfs\install\tex/generic/pgf/utiliti
es\pgfkeys.code.tex))
(C:\Users\achma\scoop\apps\latex\current\texmfs\install\tex/latex/pgf/math\pgfm
ath.sty
(C:\Users\achma\scoop\apps\latex\current\texmfs\install\tex/generic/pgf/math\pg
fmath.code.tex))
(C:\Users\achma\scoop\apps\latex\current\texmfs\install\tex/generic/pgf/utiliti
es\pgffor.code.tex
Package: pgffor 2023-01-15 v3.1.10 (3.1.10)
\pgffor@iter=\dimen269
\pgffor@skip=\dimen270
\pgffor@stack=\toks35
\pgffor@toks=\toks36
))
(C:\Users\achma\scoop\apps\latex\current\texmfs\install\tex/generic/pgf/fronten
dlayer/tikz\tikz.code.tex
Package: tikz 2023-01-15 v3.1.10 (3.1.10)

(C:\Users\achma\scoop\apps\latex\current\texmfs\install\tex/generic/pgf/librari
es\pgflibraryplothandlers.code.tex
File: pgflibraryplothandlers.code.tex 2023-01-15 v3.1.10 (3.1.10)
\pgf@plot@mark@count=\count307
\pgfplotmarksize=\dimen271
)
\tikz@lastx=\dimen272
\tikz@lasty=\dimen273
\tikz@lastxsaved=\dimen274
\tikz@lastysaved=\dimen275
\tikz@lastmovetox=\dimen276
\tikz@lastmovetoy=\dimen277
\tikzleveldistance=\dimen278
\tikzsiblingdistance=\dimen279
\tikz@figbox=\box65
\tikz@figbox@bg=\box66
\tikz@tempbox=\box67
\tikz@tempbox@bg=\box68
\tikztreelevel=\count308
\tikznumberofchildren=\count309
\tikznumberofcurrentchild=\count310
\tikz@fig@count=\count311

(C:\Users\achma\scoop\apps\latex\current\texmfs\install\tex/generic/pgf/modules
\pgfmodulematrix.code.tex
File: pgfmodulematrix.code.tex 2023-01-15 v3.1.10 (3.1.10)
\pgfmatrixcurrentrow=\count312
\pgfmatrixcurrentcolumn=\count313
\pgf@matrix@numberofcolumns=\count314
)
\tikz@expandcount=\count315

(C:\Users\achma\scoop\apps\latex\current\texmfs\install\tex/generic/pgf/fronten
dlayer/tikz/libraries\tikzlibrarytopaths.code.tex
File: tikzlibrarytopaths.code.tex 2023-01-15 v3.1.10 (3.1.10)
)))
(C:\Users\achma\scoop\apps\latex\current\texmfs\install\tex/latex/float\float.s
ty
Package: float 2001/11/08 v1.3d Float enhancements (AL)
\c@float@type=\count316
\float@exts=\toks37
\float@box=\box69
\@float@everytoks=\toks38
\@floatcapt=\box70
)
(C:\Users\achma\scoop\apps\latex\current\texmfs\install\tex/latex/minted\minted
.sty
Package: minted 2024/11/17 v3.4.0 Yet another Pygments shim for LaTeX

(C:\Users\achma\scoop\apps\latex\current\texmfs\install\tex/generic/catchfile\c
atchfile.sty
Package: catchfile 2019/12/09 v1.8 Catch the contents of a file (HO)

(C:\Users\achma\scoop\apps\latex\current\texmfs\install\tex/generic/etexcmds\et
excmds.sty
Package: etexcmds 2019/12/15 v1.7 Avoid name clashes with e-TeX commands (HO)
))
(C:\Users\achma\scoop\apps\latex\current\texmfs\install\tex/latex/fvextra\fvext
ra.sty
Package: fvextra 2024/11/17 v1.10.0 fvextra - extensions and patches for fancyv
rb

(C:\Users\achma\scoop\apps\latex\current\texmfs\install\tex/latex/fancyvrb\fanc
yvrb.sty
Package: fancyvrb 2024/01/20 4.5c verbatim text (tvz,hv)
\FV@CodeLineNo=\count317
\FV@InFile=\read4
\FV@TabBox=\box71
\c@FancyVerbLine=\count318
\FV@StepNumber=\count319
\FV@OutFile=\write4
)
(C:\Users\achma\scoop\apps\latex\current\texmfs\install\tex/latex/upquote\upquo
te.sty
Package: upquote 2012/04/19 v1.3 upright-quote and grave-accent glyphs in verba
tim
)
(C:\Users\achma\scoop\apps\latex\current\texmfs\install\tex/latex/lineno\lineno
.sty
Package: lineno 2023/05/20 line numbers on paragraphs v5.3
\linenopenalty=\count320
\output=\toks39
\linenoprevgraf=\count321
\linenumbersep=\dimen280
\linenumberwidth=\dimen281
\c@linenumber=\count322
\c@pagewiselinenumber=\count323
\c@LN@truepage=\count324
\c@internallinenumber=\count325
\c@internallinenumbers=\count326
\quotelinenumbersep=\dimen282
\bframerule=\dimen283
\bframesep=\dimen284
\bframebox=\box72
LaTeX Info: Redefining \\ on input line 3180.
)
\c@FancyVerbWriteLine=\count327
\c@FancyVerbBufferLine=\count328
\c@FV@TrueTabGroupLevel=\count329
\c@FV@TrueTabCounter=\count330
\FV@TabBox@Group=\box73
\FV@TmpLength=\skip55
\c@FV@HighlightLinesStart=\count331
\c@FV@HighlightLinesStop=\count332
\FV@LoopCount=\count333
\FV@NCharsBox=\box74
\FV@BreakIndent=\dimen285
\FV@BreakIndentNChars=\count334
\FV@BreakSymbolSepLeft=\dimen286
\FV@BreakSymbolSepLeftNChars=\count335
\FV@BreakSymbolSepRight=\dimen287
\FV@BreakSymbolSepRightNChars=\count336
\FV@BreakSymbolIndentLeft=\dimen288
\FV@BreakSymbolIndentLeftNChars=\count337
\FV@BreakSymbolIndentRight=\dimen289
\FV@BreakSymbolIndentRightNChars=\count338
\c@FancyVerbLineBreakLast=\count339
\FV@LineBox=\box75
\FV@LineIndentBox=\box76
\c@FV@BreakBufferDepth=\count340
\FV@LineWidth=\dimen290
)
(C:\Users\achma\scoop\apps\latex\current\texmfs\install\tex/latex/latex2pydata\
latex2pydata.sty
Package: latex2pydata 2024/11/17 v0.4.0 latex2pydata - write data to file in Py
thon literal format
)
(C:\Users\achma\scoop\apps\latex\current\texmfs\install\tex/latex/pgfopts\pgfop
ts.sty
Package: pgfopts 2014/07/10 v2.1a LaTeX package options with pgfkeys
\pgfopts@list@add@a@toks=\toks40
\pgfopts@list@add@b@toks=\toks41
)
(C:\Users\achma\scoop\apps\latex\current\texmfs\install\tex/latex/tools\shelles
c.sty
Package: shellesc 2023/07/08 v1.0d unified shell escape interface for LaTeX
Package shellesc Info: Unrestricted shell escape enabled on input line 75.
)
\c@minted@FancyVerbLineTemp=\count341
\@float@every@listing=\toks42
\c@listing=\count342
)
(C:\Users\achma\scoop\apps\latex\current\texmfs\install\tex/latex/caption\capti
on.sty
Package: caption 2023/08/05 v3.6o Customizing captions (AR)

(C:\Users\achma\scoop\apps\latex\current\texmfs\install\tex/latex/caption\capti
on3.sty
Package: caption3 2023/07/31 v2.4d caption3 kernel (AR)
\caption@tempdima=\dimen291
\captionmargin=\dimen292
\caption@leftmargin=\dimen293
\caption@rightmargin=\dimen294
\caption@width=\dimen295
\caption@indent=\dimen296
\caption@parindent=\dimen297
\caption@hangindent=\dimen298
Package caption Info: Standard document class detected.
)
\c@caption@flags=\count343
\c@continuedfloat=\count344
Package caption Info: float package is loaded.
Package caption Info: hyperref package is loaded.
Package caption Info: listings package is loaded.
)
(C:\Users\achma\scoop\apps\latex\current\texmfs\install\tex/generic/pgf/fronten
dlayer/tikz/libraries\tikzlibraryshapes.code.tex
File: tikzlibraryshapes.code.tex 2023-01-15 v3.1.10 (3.1.10)

(C:\Users\achma\scoop\apps\latex\current\texmfs\install\tex/generic/pgf/fronten
dlayer/tikz/libraries\tikzlibraryshapes.geometric.code.tex
File: tikzlibraryshapes.geometric.code.tex 2023-01-15 v3.1.10 (3.1.10)

(C:\Users\achma\scoop\apps\latex\current\texmfs\install\tex/generic/pgf/librari
es/shapes\pgflibraryshapes.geometric.code.tex
File: pgflibraryshapes.geometric.code.tex 2023-01-15 v3.1.10 (3.1.10)
))
(C:\Users\achma\scoop\apps\latex\current\texmfs\install\tex/generic/pgf/fronten
dlayer/tikz/libraries\tikzlibraryshapes.misc.code.tex
File: tikzlibraryshapes.misc.code.tex 2023-01-15 v3.1.10 (3.1.10)

(C:\Users\achma\scoop\apps\latex\current\texmfs\install\tex/generic/pgf/librari
es/shapes\pgflibraryshapes.misc.code.tex
File: pgflibraryshapes.misc.code.tex 2023-01-15 v3.1.10 (3.1.10)
))
(C:\Users\achma\scoop\apps\latex\current\texmfs\install\tex/generic/pgf/fronten
dlayer/tikz/libraries\tikzlibraryshapes.symbols.code.tex
File: tikzlibraryshapes.symbols.code.tex 2023-01-15 v3.1.10 (3.1.10)

(C:\Users\achma\scoop\apps\latex\current\texmfs\install\tex/generic/pgf/librari
es/shapes\pgflibraryshapes.symbols.code.tex
File: pgflibraryshapes.symbols.code.tex 2023-01-15 v3.1.10 (3.1.10)
))
(C:\Users\achma\scoop\apps\latex\current\texmfs\install\tex/generic/pgf/fronten
dlayer/tikz/libraries\tikzlibraryshapes.arrows.code.tex
File: tikzlibraryshapes.arrows.code.tex 2023-01-15 v3.1.10 (3.1.10)

(C:\Users\achma\scoop\apps\latex\current\texmfs\install\tex/generic/pgf/librari
es/shapes\pgflibraryshapes.arrows.code.tex
File: pgflibraryshapes.arrows.code.tex 2023-01-15 v3.1.10 (3.1.10)
))
(C:\Users\achma\scoop\apps\latex\current\texmfs\install\tex/generic/pgf/fronten
dlayer/tikz/libraries\tikzlibraryshapes.callouts.code.tex
(C:\Users\achma\scoop\apps\latex\current\texmfs\install\tex/generic/pgf/librari
es/shapes\pgflibraryshapes.callouts.code.tex))
(C:\Users\achma\scoop\apps\latex\current\texmfs\install\tex/generic/pgf/fronten
dlayer/tikz/libraries\tikzlibraryshapes.multipart.code.tex
File: tikzlibraryshapes.multipart.code.tex 2023-01-15 v3.1.10 (3.1.10)

(C:\Users\achma\scoop\apps\latex\current\texmfs\install\tex/generic/pgf/librari
es/shapes\pgflibraryshapes.multipart.code.tex
File: pgflibraryshapes.multipart.code.tex 2023-01-15 v3.1.10 (3.1.10)
\pgfnodepartlowerbox=\box77
\pgfnodeparttwobox=\box78
\pgfnodepartthreebox=\box79
\pgfnodepartfourbox=\box80
\pgfnodeparttwentybox=\box81
\pgfnodepartnineteenbox=\box82
\pgfnodeparteighteenbox=\box83
\pgfnodepartseventeenbox=\box84
\pgfnodepartsixteenbox=\box85
\pgfnodepartfifteenbox=\box86
\pgfnodepartfourteenbox=\box87
\pgfnodepartthirteenbox=\box88
\pgfnodeparttwelvebox=\box89
\pgfnodepartelevenbox=\box90
\pgfnodeparttenbox=\box91
\pgfnodepartninebox=\box92
\pgfnodeparteightbox=\box93
\pgfnodepartsevenbox=\box94
\pgfnodepartsixbox=\box95
\pgfnodepartfivebox=\box96
)))
(C:\Users\achma\scoop\apps\latex\current\texmfs\install\tex/generic/pgf/fronten
dlayer/tikz/libraries\tikzlibraryarrows.code.tex
File: tikzlibraryarrows.code.tex 2023-01-15 v3.1.10 (3.1.10)

(C:\Users\achma\scoop\apps\latex\current\texmfs\install\tex/generic/pgf/librari
es\pgflibraryarrows.code.tex
File: pgflibraryarrows.code.tex 2023-01-15 v3.1.10 (3.1.10)
\arrowsize=\dimen299
))
(C:\Users\achma\scoop\apps\latex\current\texmfs\install\tex/generic/pgf/fronten
dlayer/tikz/libraries\tikzlibrarypositioning.code.tex
File: tikzlibrarypositioning.code.tex 2023-01-15 v3.1.10 (3.1.10)
)
(C:\Users\achma\scoop\apps\latex\current\texmfs\install\tex/latex/amsmath\amsma
th.sty
Package: amsmath 2024/05/23 v2.17q AMS math features
\@mathmargin=\skip56

For additional information on amsmath, use the `?' option.

(C:\Users\achma\scoop\apps\latex\current\texmfs\install\tex/latex/amsmath\amste
xt.sty
Package: amstext 2021/08/26 v2.01 AMS text

(C:\Users\achma\scoop\apps\latex\current\texmfs\install\tex/latex/amsmath\amsge
n.sty
File: amsgen.sty 1999/11/30 v2.0 generic functions
\@emptytoks=\toks43
\ex@=\dimen300
))
(C:\Users\achma\scoop\apps\latex\current\texmfs\install\tex/latex/amsmath\amsbs
y.sty
Package: amsbsy 1999/11/29 v1.2d Bold Symbols
\pmbraise@=\dimen301
)
(C:\Users\achma\scoop\apps\latex\current\texmfs\install\tex/latex/amsmath\amsop
n.sty
Package: amsopn 2022/04/08 v2.04 operator names
)
\inf@bad=\count345
LaTeX Info: Redefining \frac on input line 233.
\uproot@=\count346
\leftroot@=\count347
LaTeX Info: Redefining \overline on input line 398.
LaTeX Info: Redefining \colon on input line 409.
\classnum@=\count348
\DOTSCASE@=\count349
LaTeX Info: Redefining \ldots on input line 495.
LaTeX Info: Redefining \dots on input line 498.
LaTeX Info: Redefining \cdots on input line 619.
\Mathstrutbox@=\box97
\strutbox@=\box98
LaTeX Info: Redefining \big on input line 721.
LaTeX Info: Redefining \Big on input line 722.
LaTeX Info: Redefining \bigg on input line 723.
LaTeX Info: Redefining \Bigg on input line 724.
\big@size=\dimen302
LaTeX Font Info:    Redeclaring font encoding OML on input line 742.
LaTeX Font Info:    Redeclaring font encoding OMS on input line 743.
\macc@depth=\count350
LaTeX Info: Redefining \bmod on input line 904.
LaTeX Info: Redefining \pmod on input line 909.
LaTeX Info: Redefining \smash on input line 939.
LaTeX Info: Redefining \relbar on input line 969.
LaTeX Info: Redefining \Relbar on input line 970.
\c@MaxMatrixCols=\count351
\dotsspace@=\muskip18
\c@parentequation=\count352
\dspbrk@lvl=\count353
\tag@help=\toks44
\row@=\count354
\column@=\count355
\maxfields@=\count356
\andhelp@=\toks45
\eqnshift@=\dimen303
\alignsep@=\dimen304
\tagshift@=\dimen305
\tagwidth@=\dimen306
\totwidth@=\dimen307
\lineht@=\dimen308
\@envbody=\toks46
\multlinegap=\skip57
\multlinetaggap=\skip58
\mathdisplay@stack=\toks47
LaTeX Info: Redefining \[ on input line 2953.
LaTeX Info: Redefining \] on input line 2954.
)
\linenoamsmath@ams@eqpen=\count357

(C:\Users\achma\scoop\apps\latex\current\texmfs\install\tex/latex/fancyhdr\fanc
yhdr.sty
Package: fancyhdr 2024/07/23 v4.3.1 Extensive control of page headers and foote
rs
\f@nch@headwidth=\skip59
\f@nch@O@elh=\skip60
\f@nch@O@erh=\skip61
\f@nch@O@olh=\skip62
\f@nch@O@orh=\skip63
\f@nch@O@elf=\skip64
\f@nch@O@erf=\skip65
\f@nch@O@olf=\skip66
\f@nch@O@orf=\skip67
)
(C:\Users\achma\scoop\apps\latex\current\texmfs\install\tex/latex/geometry\geom
etry.sty
Package: geometry 2020/01/02 v5.9 Page Geometry

(C:\Users\achma\scoop\apps\latex\current\texmfs\install\tex/generic/iftex\ifvte
x.sty
Package: ifvtex 2019/10/25 v1.7 ifvtex legacy package. Use iftex instead.
)
\Gm@cnth=\count358
\Gm@cntv=\count359
\c@Gm@tempcnt=\count360
\Gm@bindingoffset=\dimen309
\Gm@wd@mp=\dimen310
\Gm@odd@mp=\dimen311
\Gm@even@mp=\dimen312
\Gm@layoutwidth=\dimen313
\Gm@layoutheight=\dimen314
\Gm@layouthoffset=\dimen315
\Gm@layoutvoffset=\dimen316
\Gm@dimlist=\toks48

(C:\Users\achma\scoop\apps\latex\current\texmfs\install\tex/latex/geometry\geom
etry.cfg))
(C:\Users\achma\scoop\apps\latex\current\texmfs\install\tex/latex/setspace\sets
pace.sty
Package: setspace 2022/12/04 v6.7b set line spacing
)
(C:\Users\achma\scoop\apps\latex\current\texmfs\install\tex/latex/titlesec\titl
esec.sty
Package: titlesec 2023/10/27 v2.16 Sectioning titles
\ttl@box=\box99
\beforetitleunit=\skip68
\aftertitleunit=\skip69
\ttl@plus=\dimen317
\ttl@minus=\dimen318
\ttl@toksa=\toks49
\titlewidth=\dimen319
\titlewidthlast=\dimen320
\titlewidthfirst=\dimen321
)
Package hyperref Info: Option `colorlinks' set `true' on input line 116.

(C:\Users\achma\scoop\apps\latex\current\texmfs\install\tex/latex/l3backend\l3b
ackend-pdftex.def
File: l3backend-pdftex.def 2024-05-08 L3 backend support: PDF output (pdfTeX)
\l__color_backend_stack_int=\count361
\l__pdf_internal_box=\box100
) (materi_paparan_webinar_distributed_caching_20250131.aux)
\openout1 = `materi_paparan_webinar_distributed_caching_20250131.aux'.

LaTeX Font Info:    Checking defaults for OML/cmm/m/it on input line 122.
LaTeX Font Info:    ... okay on input line 122.
LaTeX Font Info:    Checking defaults for OMS/cmsy/m/n on input line 122.
LaTeX Font Info:    ... okay on input line 122.
LaTeX Font Info:    Checking defaults for OT1/cmr/m/n on input line 122.
LaTeX Font Info:    ... okay on input line 122.
LaTeX Font Info:    Checking defaults for T1/cmr/m/n on input line 122.
LaTeX Font Info:    ... okay on input line 122.
LaTeX Font Info:    Checking defaults for TS1/cmr/m/n on input line 122.
LaTeX Font Info:    ... okay on input line 122.
LaTeX Font Info:    Checking defaults for OMX/cmex/m/n on input line 122.
LaTeX Font Info:    ... okay on input line 122.
LaTeX Font Info:    Checking defaults for U/cmr/m/n on input line 122.
LaTeX Font Info:    ... okay on input line 122.
LaTeX Font Info:    Checking defaults for PD1/pdf/m/n on input line 122.
LaTeX Font Info:    ... okay on input line 122.
LaTeX Font Info:    Checking defaults for PU/pdf/m/n on input line 122.
LaTeX Font Info:    ... okay on input line 122.

(C:\Users\achma\scoop\apps\latex\current\texmfs\install\tex/context/base/mkii\s
upp-pdf.mkii
[Loading MPS to PDF converter (version 2006.09.02).]
\scratchcounter=\count362
\scratchdimen=\dimen322
\scratchbox=\box101
\nofMPsegments=\count363
\nofMParguments=\count364
\everyMPshowfont=\toks50
\MPscratchCnt=\count365
\MPscratchDim=\dimen323
\MPnumerator=\count366
\makeMPintoPDFobject=\count367
\everyMPtoPDFconversion=\toks51
)
(C:\Users\achma\scoop\apps\latex\current\texmfs\install\tex/latex/epstopdf-pkg\
epstopdf-base.sty
Package: epstopdf-base 2020-01-24 v2.11 Base part for package epstopdf
Package epstopdf-base Info: Redefining graphics rule for `.eps' on input line 4
85.

(C:\Users\achma\scoop\apps\latex\current\texmfs\install\tex/latex/00miktex\epst
opdf-sys.cfg
File: epstopdf-sys.cfg 2021/03/18 v2.0 Configuration of epstopdf for MiKTeX
))
Package hyperref Info: Link coloring ON on input line 122.
 (materi_paparan_webinar_distributed_caching_20250131.out)
(materi_paparan_webinar_distributed_caching_20250131.out)
\@outlinefile=\write5
\openout5 = `materi_paparan_webinar_distributed_caching_20250131.out'.


(C:\Users\achma\scoop\apps\latex\current\texmfs\install\tex/latex/base\textcomp
.sty
Package: textcomp 2024/04/24 v2.1b Standard LaTeX package
)
\c@lstlisting=\count368
Package caption Info: Begin \AtBeginDocument code.
Package caption Info: End \AtBeginDocument code.

*geometry* driver: auto-detecting
*geometry* detected driver: pdftex
*geometry* verbose mode - [ preamble ] result:
* driver: pdftex
* paper: a4paper
* layout: <same size as paper>
* layoutoffset:(h,v)=(0.0pt,0.0pt)
* modes: twoside 
* h-part:(L,W,R)=(85.35826pt, 441.01773pt, 71.13188pt)
* v-part:(T,H,B)=(71.13188pt, 702.78308pt, 71.13188pt)
* \paperwidth=597.50787pt
* \paperheight=845.04684pt
* \textwidth=441.01773pt
* \textheight=702.78308pt
* \oddsidemargin=13.08827pt
* \evensidemargin=-1.1381pt
* \topmargin=-33.0119pt
* \headheight=12.0pt
* \headsep=19.8738pt
* \topskip=11.0pt
* \footskip=27.46295pt
* \marginparwidth=106.0pt
* \marginparsep=7.0pt
* \columnsep=10.0pt
* \skip\footins=10.0pt plus 4.0pt minus 2.0pt
* \hoffset=0.0pt
* \voffset=0.0pt
* \mag=1000
* \@twocolumnfalse
* \@twosidetrue
* \@mparswitchtrue
* \@reversemarginfalse
* (1in=72.27pt=25.4mm, 1cm=28.453pt)



[1


{C:/Users/achma/scoop/apps/latex/current/texmfs/data/fonts/map/pdftex/pdftex.ma
p}]


Package fancyhdr Warning: \headheight is too small (12.0pt): 
(fancyhdr)                Make it at least 13.59999pt, for example:
(fancyhdr)                \setlength{\headheight}{13.59999pt}.
(fancyhdr)                You might also make \topmargin smaller to compensate:

(fancyhdr)                \addtolength{\topmargin}{-1.59999pt}.

[2

] (materi_paparan_webinar_distributed_caching_20250131.toc

[3])
\tf@toc=\write6
\openout6 = `materi_paparan_webinar_distributed_caching_20250131.toc'.




Package fancyhdr Warning: \headheight is too small (12.0pt): 
(fancyhdr)                Make it at least 13.59999pt, for example:
(fancyhdr)                \setlength{\headheight}{13.59999pt}.
(fancyhdr)                You might also make \topmargin smaller to compensate:

(fancyhdr)                \addtolength{\topmargin}{-1.59999pt}.

[4] (materi_paparan_webinar_distributed_caching_20250131.lof)
\tf@lof=\write7
\openout7 = `materi_paparan_webinar_distributed_caching_20250131.lof'.



[5

]


Package fancyhdr Warning: \headheight is too small (12.0pt): 
(fancyhdr)                Make it at least 13.59999pt, for example:
(fancyhdr)                \setlength{\headheight}{13.59999pt}.
(fancyhdr)                You might also make \topmargin smaller to compensate:

(fancyhdr)                \addtolength{\topmargin}{-1.59999pt}.

[6


]
Bab 1.
<images/workflow-cache.png, id=246, 1017.8025pt x 729.72626pt>
File: images/workflow-cache.png Graphic file (type png)
<use images/workflow-cache.png>
Package pdftex.def Info: images/workflow-cache.png  used on input line 176.
(pdftex.def)             Requested size: 396.91325pt x 284.56982pt.

Underfull \vbox (badness 10000) has occurred while \output is active []



[7]


Package fancyhdr Warning: \headheight is too small (12.0pt): 
(fancyhdr)                Make it at least 13.59999pt, for example:
(fancyhdr)                \setlength{\headheight}{13.59999pt}.
(fancyhdr)                You might also make \topmargin smaller to compensate:

(fancyhdr)                \addtolength{\topmargin}{-1.59999pt}.

[8 <./images/workflow-cache.png>]
\pydata@fh@_125B72E140CC7636978943BF8271624B.data.minted=\write8
\openout8 = `_125B72E140CC7636978943BF8271624B.data.minted'.

runsystem(latexminted config  --timestamp 20250131191225 125B72E140CC7636978943
BF8271624B)...executed.


(_125B72E140CC7636978943BF8271624B.config.minted)
runsystem(latexminted cleanconfig  --timestamp 20250131191225 125B72E140CC76369
78943BF8271624B)...executed.

 (_minted/default.style.minted) (_minted/467123EA81C7D9BF00B13DFF5AC90871.highl
ight.minted
LaTeX Font Info:    Font shape `OT1/cmtt/bx/n' in size <8> not available
(Font)              Font shape `OT1/cmtt/m/n' tried instead on input line 2.
)
Package hyperref Info: bookmark level for unknown listing defaults to 0 on inpu
t line 245.



Package fancyhdr Warning: \headheight is too small (12.0pt): 
(fancyhdr)                Make it at least 13.59999pt, for example:
(fancyhdr)                \setlength{\headheight}{13.59999pt}.
(fancyhdr)                You might also make \topmargin smaller to compensate:

(fancyhdr)                \addtolength{\topmargin}{-1.59999pt}.

[9]


Package fancyhdr Warning: \headheight is too small (12.0pt): 
(fancyhdr)                Make it at least 13.59999pt, for example:
(fancyhdr)                \setlength{\headheight}{13.59999pt}.
(fancyhdr)                You might also make \topmargin smaller to compensate:

(fancyhdr)                \addtolength{\topmargin}{-1.59999pt}.

[10

]
Bab 2.


[11]


Package fancyhdr Warning: \headheight is too small (12.0pt): 
(fancyhdr)                Make it at least 13.59999pt, for example:
(fancyhdr)                \setlength{\headheight}{13.59999pt}.
(fancyhdr)                You might also make \topmargin smaller to compensate:

(fancyhdr)                \addtolength{\topmargin}{-1.59999pt}.

[12]


Package fancyhdr Warning: \headheight is too small (12.0pt): 
(fancyhdr)                Make it at least 13.59999pt, for example:
(fancyhdr)                \setlength{\headheight}{13.59999pt}.
(fancyhdr)                You might also make \topmargin smaller to compensate:

(fancyhdr)                \addtolength{\topmargin}{-1.59999pt}.

[13]


Package fancyhdr Warning: \headheight is too small (12.0pt): 
(fancyhdr)                Make it at least 13.59999pt, for example:
(fancyhdr)                \setlength{\headheight}{13.59999pt}.
(fancyhdr)                You might also make \topmargin smaller to compensate:

(fancyhdr)                \addtolength{\topmargin}{-1.59999pt}.

[14

]
Bab 3.


[15]


Package fancyhdr Warning: \headheight is too small (12.0pt): 
(fancyhdr)                Make it at least 13.59999pt, for example:
(fancyhdr)                \setlength{\headheight}{13.59999pt}.
(fancyhdr)                You might also make \topmargin smaller to compensate:

(fancyhdr)                \addtolength{\topmargin}{-1.59999pt}.

[16]


Package fancyhdr Warning: \headheight is too small (12.0pt): 
(fancyhdr)                Make it at least 13.59999pt, for example:
(fancyhdr)                \setlength{\headheight}{13.59999pt}.
(fancyhdr)                You might also make \topmargin smaller to compensate:

(fancyhdr)                \addtolength{\topmargin}{-1.59999pt}.

[17]


Package fancyhdr Warning: \headheight is too small (12.0pt): 
(fancyhdr)                Make it at least 13.59999pt, for example:
(fancyhdr)                \setlength{\headheight}{13.59999pt}.
(fancyhdr)                You might also make \topmargin smaller to compensate:

(fancyhdr)                \addtolength{\topmargin}{-1.59999pt}.

[18

]
Bab 4.


[19]


Package fancyhdr Warning: \headheight is too small (12.0pt): 
(fancyhdr)                Make it at least 13.59999pt, for example:
(fancyhdr)                \setlength{\headheight}{13.59999pt}.
(fancyhdr)                You might also make \topmargin smaller to compensate:

(fancyhdr)                \addtolength{\topmargin}{-1.59999pt}.

[20]
Overfull \hbox (7.66591pt too wide) in paragraph at lines 735--735
[]|\OT1/cmr/bx/n/10.95 Memcached| 
 []


Overfull \hbox (15.52853pt too wide) in paragraph at lines 735--735
[]|\OT1/cmr/bx/n/10.95 DragonflyDB| 
 []


Overfull \hbox (33.6735pt too wide) in paragraph at lines 735--735
[]|\OT1/cmr/bx/n/10.95 Hazelcast/Ignite| 
 []


Underfull \hbox (badness 10000) in paragraph at lines 735--735
[]|\OT1/cmr/m/n/10.95 Sumber
 []


Underfull \hbox (badness 10000) in paragraph at lines 735--735
\OT1/cmr/m/n/10.95 Ter-ba-tas
 []


Underfull \hbox (badness 10000) in paragraph at lines 735--735
[]|\OT1/cmr/m/n/10.95 Sumber
 []


Underfull \hbox (badness 1354) in paragraph at lines 735--735
\OT1/cmr/m/n/10.95 ce (Apa-che
 []


Underfull \hbox (badness 10000) in paragraph at lines 735--735
[]|\OT1/cmr/m/n/10.95 Single-
 []


Underfull \hbox (badness 10000) in paragraph at lines 735--735
[]|\OT1/cmr/m/n/10.95 Multi-
 []


Underfull \hbox (badness 10000) in paragraph at lines 735--735
[]|\OT1/cmr/m/n/10.95 Multi-
 []


Underfull \hbox (badness 10000) in paragraph at lines 735--735
[]|\OT1/cmr/m/n/10.95 Multi-
 []


Underfull \hbox (badness 10000) in paragraph at lines 735--735
[]|\OT1/cmr/m/n/10.95 Multi-
 []


Underfull \hbox (badness 10000) in paragraph at lines 735--735
[]|\OT1/cmr/m/n/10.95 Sangat
 []


Underfull \hbox (badness 10000) in paragraph at lines 735--735
[]|\OT1/cmr/m/n/10.95 Sangat
 []


Underfull \hbox (badness 5862) in paragraph at lines 735--735
[]|\OT1/cmr/m/n/10.95 Tinggi (3x
 []


Underfull \hbox (badness 10000) in paragraph at lines 735--735
[]|\OT1/cmr/m/n/10.95 Caching,
 []


Underfull \hbox (badness 10000) in paragraph at lines 735--735
\OT1/cmr/m/n/10.95 Ses-sion,
 []


Underfull \hbox (badness 10000) in paragraph at lines 735--735
[]|\OT1/cmr/m/n/10.95 Caching
 []


Underfull \hbox (badness 10000) in paragraph at lines 735--735
[]|\OT1/cmr/m/n/10.95 Migrasi
 []


Underfull \hbox (badness 10000) in paragraph at lines 735--735
\OT1/cmr/m/n/10.95 Thro-u-
 []


Underfull \hbox (badness 1067) in paragraph at lines 735--735
\OT1/cmr/m/n/10.95 ce Al-ter-na-
 []


Underfull \hbox (badness 10000) in paragraph at lines 735--735
[]|\OT1/cmr/m/n/10.95 Enterprise,
 []


Underfull \hbox (badness 10000) in paragraph at lines 735--735
\OT1/cmr/m/n/10.95 Kom-pu-ta-si
 []


Underfull \hbox (badness 10000) in paragraph at lines 735--735
\OT1/cmr/m/n/10.95 Ter-dis-tri-bu-
 []


Underfull \hbox (badness 10000) in paragraph at lines 735--735
[]|\OT1/cmr/m/n/10.95 Single-
 []


Underfull \hbox (badness 10000) in paragraph at lines 735--735
[]|\OT1/cmr/m/n/10.95 Struktur
 []


Underfull \hbox (badness 10000) in paragraph at lines 735--735
\OT1/cmr/m/n/10.95 Da-ta Ter-
 []


Underfull \hbox (badness 10000) in paragraph at lines 735--735
[]|\OT1/cmr/m/n/10.95 Ekosistem
 []


Overfull \hbox (14.65459pt too wide) in paragraph at lines 735--735
[]|\OT1/cmr/m/n/10.95 Pengembangan
 []


Overfull \hbox (7.02007pt too wide) in paragraph at lines 735--735
[]|\OT1/cmr/m/n/10.95 Kompleksitas
 []




Package fancyhdr Warning: \headheight is too small (12.0pt): 
(fancyhdr)                Make it at least 13.59999pt, for example:
(fancyhdr)                \setlength{\headheight}{13.59999pt}.
(fancyhdr)                You might also make \topmargin smaller to compensate:

(fancyhdr)                \addtolength{\topmargin}{-1.59999pt}.

[21]


Package fancyhdr Warning: \headheight is too small (12.0pt): 
(fancyhdr)                Make it at least 13.59999pt, for example:
(fancyhdr)                \setlength{\headheight}{13.59999pt}.
(fancyhdr)                You might also make \topmargin smaller to compensate:

(fancyhdr)                \addtolength{\topmargin}{-1.59999pt}.

[22]
Bab 5.

Overfull \hbox (39.79298pt too wide) in paragraph at lines 751--753
[]\OT1/cmr/m/n/10.95 Contoh: \OT1/cmtt/m/n/10.95 product[]123 \TS1/cmr/m/n/10.9
5 ^^Y \OT1/cmtt/m/n/10.95 product[]123[]meta\OT1/cmr/m/n/10.95 , \OT1/cmtt/m/n/
10.95 product[]123[]price\OT1/cmr/m/n/10.95 , \OT1/cmtt/m/n/10.95 product[]123[
]stock 
 []

<images/sharding-hotkey.png, id=332, 899.36pt x 198.7425pt>
File: images/sharding-hotkey.png Graphic file (type png)
<use images/sharding-hotkey.png>
Package pdftex.def Info: images/sharding-hotkey.png  used on input line 776.
(pdftex.def)             Requested size: 396.91325pt x 87.71078pt.


[23

 <./images/sharding-hotkey.png>]
<images/cache-invalidation-sequence.png, id=338, 745.78625pt x 443.6575pt>
File: images/cache-invalidation-sequence.png Graphic file (type png)
<use images/cache-invalidation-sequence.png>
Package pdftex.def Info: images/cache-invalidation-sequence.png  used on input 
line 832.
(pdftex.def)             Requested size: 396.91325pt x 236.11894pt.



Package fancyhdr Warning: \headheight is too small (12.0pt): 
(fancyhdr)                Make it at least 13.59999pt, for example:
(fancyhdr)                \setlength{\headheight}{13.59999pt}.
(fancyhdr)                You might also make \topmargin smaller to compensate:

(fancyhdr)                \addtolength{\topmargin}{-1.59999pt}.

[24 <./images/cache-invalidation-sequence.png>]
(_minted/551D334DC088EDEFDE023B9D085FD108.highlight.minted)
(C:\Users\achma\scoop\apps\latex\current\texmfs\install\tex/latex/listings\lstl
ang1.sty
File: lstlang1.sty 2024/09/23 1.10c listings language file
)
(C:\Users\achma\scoop\apps\latex\current\texmfs\install\tex/latex/listings\lstl
ang1.sty
File: lstlang1.sty 2024/09/23 1.10c listings language file
)
Package hyperref Info: bookmark level for unknown lstlisting defaults to 0 on i
nput line 909.



Package fancyhdr Warning: \headheight is too small (12.0pt): 
(fancyhdr)                Make it at least 13.59999pt, for example:
(fancyhdr)                \setlength{\headheight}{13.59999pt}.
(fancyhdr)                You might also make \topmargin smaller to compensate:

(fancyhdr)                \addtolength{\topmargin}{-1.59999pt}.

[25] (_minted/AD097D7C0043B58C17E416DFE67BD2F0.highlight.minted)


Package fancyhdr Warning: \headheight is too small (12.0pt): 
(fancyhdr)                Make it at least 13.59999pt, for example:
(fancyhdr)                \setlength{\headheight}{13.59999pt}.
(fancyhdr)                You might also make \topmargin smaller to compensate:

(fancyhdr)                \addtolength{\topmargin}{-1.59999pt}.

[26]
Bab 6.


[27

]


Package fancyhdr Warning: \headheight is too small (12.0pt): 
(fancyhdr)                Make it at least 13.59999pt, for example:
(fancyhdr)                \setlength{\headheight}{13.59999pt}.
(fancyhdr)                You might also make \topmargin smaller to compensate:

(fancyhdr)                \addtolength{\topmargin}{-1.59999pt}.

[28]
\openout8 = `_125B72E140CC7636978943BF8271624B.data.minted'.

runsystem(latexminted clean  --timestamp 20250131191225 125B72E140CC7636978943B
F8271624B)...executed.

 (materi_paparan_webinar_distributed_caching_20250131.aux)
 ***********
LaTeX2e <2024-06-01> patch level 2
L3 programming layer <2024-10-09>
 ***********
Package rerunfilecheck Info: File `materi_paparan_webinar_distributed_caching_2
0250131.out' has not changed.
(rerunfilecheck)             Checksum: 6173F2AA59695EAB927426B14B96B0B5;6429.
 ) 
Here is how much of TeX's memory you used:
 32821 strings out of 473897
 673212 string characters out of 5721723
 1371523 words of memory out of 5000000
 55074 multiletter control sequences out of 15000+600000
 566557 words of font info for 67 fonts, out of 8000000 for 9000
 1141 hyphenation exceptions out of 8191
 84i,12n,117p,452b,1562s stack positions out of 10000i,1000n,20000p,200000b,200000s
 <C:\Users\achma\scoop\apps\latex\current\texmfs/data\fonts/pk/ljfour/jknappe
n/ec/dpi600\tcrm1095.pk><C:/Users/achma/scoop/apps/latex/current/texmfs/install
/fonts/type1/public/amsfonts/cm/cmbx10.pfb><C:/Users/achma/scoop/apps/latex/cur
rent/texmfs/install/fonts/type1/public/amsfonts/cm/cmbx12.pfb><C:/Users/achma/s
coop/apps/latex/current/texmfs/install/fonts/type1/public/amsfonts/cm/cmitt10.p
fb><C:/Users/achma/scoop/apps/latex/current/texmfs/install/fonts/type1/public/a
msfonts/cm/cmmi10.pfb><C:/Users/achma/scoop/apps/latex/current/texmfs/install/f
onts/type1/public/amsfonts/cm/cmr10.pfb><C:/Users/achma/scoop/apps/latex/curren
t/texmfs/install/fonts/type1/public/amsfonts/cm/cmr12.pfb><C:/Users/achma/scoop
/apps/latex/current/texmfs/install/fonts/type1/public/amsfonts/cm/cmr17.pfb><C:
/Users/achma/scoop/apps/latex/current/texmfs/install/fonts/type1/public/amsfont
s/cm/cmr6.pfb><C:/Users/achma/scoop/apps/latex/current/texmfs/install/fonts/typ
e1/public/amsfonts/cm/cmr9.pfb><C:/Users/achma/scoop/apps/latex/current/texmfs/
install/fonts/type1/public/amsfonts/cm/cmsy10.pfb><C:/Users/achma/scoop/apps/la
tex/current/texmfs/install/fonts/type1/public/amsfonts/cm/cmti10.pfb><C:/Users/
achma/scoop/apps/latex/current/texmfs/install/fonts/type1/public/amsfonts/cm/cm
tt10.pfb><C:/Users/achma/scoop/apps/latex/current/texmfs/install/fonts/type1/pu
blic/amsfonts/cm/cmtt8.pfb>
Output written on materi_paparan_webinar_distributed_caching_20250131.pdf (28 p
ages, 348843 bytes).
PDF statistics:
 460 PDF objects out of 1000 (max. 8388607)
 93 named destinations out of 1000 (max. 500000)
 340 words of extra memory for PDF output out of 10000 (max. 10000000)

