\BOOKMARK [0][-]{chapter.1}{\376\377\000D\000a\000s\000a\000r\000-\000d\000a\000s\000a\000r\000\040\000C\000a\000c\000h\000i\000n\000g}{}% 1
\BOOKMARK [1][-]{section.1.1}{\376\377\000K\000o\000n\000s\000e\000p\000\040\000U\000m\000u\000m\000\040\000C\000a\000c\000h\000i\000n\000g}{chapter.1}% 2
\BOOKMARK [1][-]{section.1.2}{\376\377\000P\000e\000r\000b\000a\000n\000d\000i\000n\000g\000a\000n\000\040\000d\000e\000n\000g\000a\000n\000\040\000Q\000u\000e\000r\000y\000\040\000D\000a\000t\000a\000b\000a\000s\000e\000\040\000T\000r\000a\000d\000i\000s\000i\000o\000n\000a\000l}{chapter.1}% 3
\BOOKMARK [2][-]{subsection.1.2.1}{\376\377\000A\000l\000u\000r\000\040\000K\000e\000r\000j\000a\000\040\000D\000a\000s\000a\000r}{section.1.2}% 4
\BOOKMARK [1][-]{section.1.3}{\376\377\000M\000a\000n\000f\000a\000a\000t\000\040\000d\000a\000n\000\040\000T\000a\000n\000t\000a\000n\000g\000a\000n}{chapter.1}% 5
\BOOKMARK [2][-]{subsection.1.3.1}{\376\377\000M\000a\000n\000f\000a\000a\000t\000\040\000U\000t\000a\000m\000a}{section.1.3}% 6
\BOOKMARK [2][-]{subsection.1.3.2}{\376\377\000T\000a\000n\000t\000a\000n\000g\000a\000n\000\040\000U\000m\000u\000m}{section.1.3}% 7
\BOOKMARK [0][-]{chapter.2}{\376\377\000K\000o\000n\000s\000e\000p\000\040\000D\000i\000s\000t\000r\000i\000b\000u\000t\000e\000d\000\040\000C\000a\000c\000h\000i\000n\000g}{}% 8
\BOOKMARK [1][-]{section.2.1}{\376\377\000A\000p\000a\000\040\000I\000t\000u\000\040\000D\000i\000s\000t\000r\000i\000b\000u\000t\000e\000d\000\040\000C\000a\000c\000h\000i\000n\000g\000?}{chapter.2}% 9
\BOOKMARK [1][-]{section.2.2}{\376\377\000K\000a\000p\000a\000n\000\040\000D\000i\000s\000t\000r\000i\000b\000u\000t\000e\000d\000\040\000C\000a\000c\000h\000i\000n\000g\000\040\000D\000i\000b\000u\000t\000u\000h\000k\000a\000n\000?}{chapter.2}% 10
\BOOKMARK [1][-]{section.2.3}{\376\377\000K\000e\000u\000n\000g\000g\000u\000l\000a\000n\000\040\000v\000s\000.\000\040\000T\000a\000n\000t\000a\000n\000g\000a\000n}{chapter.2}% 11
\BOOKMARK [1][-]{section.2.4}{\376\377\000P\000e\000r\000b\000a\000n\000d\000i\000n\000g\000a\000n\000\040\000d\000e\000n\000g\000a\000n\000\040\000C\000a\000c\000h\000i\000n\000g\000\040\000T\000r\000a\000d\000i\000s\000i\000o\000n\000a\000l}{chapter.2}% 12
\BOOKMARK [1][-]{section.2.5}{\376\377\000P\000r\000i\000n\000s\000i\000p\000\040\000D\000e\000s\000a\000i\000n\000\040\000P\000e\000n\000t\000i\000n\000g}{chapter.2}% 13
\BOOKMARK [0][-]{chapter.3}{\376\377\000A\000r\000s\000i\000t\000e\000k\000t\000u\000r\000\040\000D\000i\000s\000t\000r\000i\000b\000u\000t\000e\000d\000\040\000C\000a\000c\000h\000i\000n\000g}{}% 14
\BOOKMARK [1][-]{section.3.1}{\376\377\000M\000o\000d\000e\000l\000\040\000A\000r\000s\000i\000t\000e\000k\000t\000u\000r}{chapter.3}% 15
\BOOKMARK [2][-]{subsection.3.1.1}{\376\377\000S\000h\000a\000r\000d\000e\000d\000\040\000C\000a\000c\000h\000e}{section.3.1}% 16
\BOOKMARK [2][-]{subsection.3.1.2}{\376\377\000R\000e\000p\000l\000i\000c\000a\000t\000e\000d\000\040\000C\000a\000c\000h\000e}{section.3.1}% 17
\BOOKMARK [1][-]{section.3.2}{\376\377\000S\000t\000r\000a\000t\000e\000g\000i\000\040\000K\000o\000n\000s\000i\000s\000t\000e\000n\000s\000i\000\040\000D\000a\000t\000a}{chapter.3}% 18
\BOOKMARK [1][-]{section.3.3}{\376\377\000S\000t\000u\000d\000i\000\040\000K\000a\000s\000u\000s\000\040\000A\000r\000s\000i\000t\000e\000k\000t\000u\000r}{chapter.3}% 19
\BOOKMARK [2][-]{subsection.3.3.1}{\376\377\000R\000e\000d\000i\000s\000\040\000C\000l\000u\000s\000t\000e\000r\000\040\000\050\000S\000h\000a\000r\000d\000e\000d\000\051}{section.3.3}% 20
\BOOKMARK [2][-]{subsection.3.3.2}{\376\377\000H\000a\000z\000e\000l\000c\000a\000s\000t\000\040\000\050\000R\000e\000p\000l\000i\000c\000a\000t\000e\000d\000\051}{section.3.3}% 21
\BOOKMARK [0][-]{chapter.4}{\376\377\000T\000e\000k\000n\000o\000l\000o\000g\000i\000\040\000\046\000\040\000T\000o\000o\000l\000s\000\040\000P\000o\000p\000u\000l\000e\000r}{}% 22
\BOOKMARK [1][-]{section.4.1}{\376\377\000R\000e\000d\000i\000s}{chapter.4}% 23
\BOOKMARK [1][-]{section.4.2}{\376\377\000M\000e\000m\000c\000a\000c\000h\000e\000d}{chapter.4}% 24
\BOOKMARK [1][-]{section.4.3}{\376\377\000D\000r\000a\000g\000o\000n\000f\000l\000y\000D\000B}{chapter.4}% 25
\BOOKMARK [1][-]{section.4.4}{\376\377\000H\000a\000z\000e\000l\000c\000a\000s\000t\000\040\000\046\000\040\000A\000p\000a\000c\000h\000e\000\040\000I\000g\000n\000i\000t\000e}{chapter.4}% 26
\BOOKMARK [1][-]{section.4.5}{\376\377\000V\000a\000l\000k\000e\000y}{chapter.4}% 27
\BOOKMARK [0][-]{chapter.5}{\376\377\000B\000e\000s\000t\000\040\000P\000r\000a\000c\000t\000i\000c\000e\000s\000\040\000I\000m\000p\000l\000e\000m\000e\000n\000t\000a\000s\000i}{}% 28
\BOOKMARK [1][-]{section.5.1}{\376\377\000D\000e\000s\000a\000i\000n\000\040\000K\000u\000n\000c\000i\000\040\000C\000a\000c\000h\000e}{chapter.5}% 29
\BOOKMARK [1][-]{section.5.2}{\376\377\000M\000a\000n\000a\000j\000e\000m\000e\000n\000\040\000T\000T\000L\000\040\000\046\000\040\000I\000n\000v\000a\000l\000i\000d\000a\000t\000i\000o\000n}{chapter.5}% 30
\BOOKMARK [2][-]{subsection.5.2.1}{\376\377\000A\000t\000u\000r\000\040\000T\000T\000L\000\040\000D\000i\000n\000a\000m\000i\000s}{section.5.2}% 31
\BOOKMARK [2][-]{subsection.5.2.2}{\376\377\000S\000t\000r\000a\000t\000e\000g\000i\000\040\000I\000n\000v\000a\000l\000i\000d\000a\000t\000i\000o\000n}{section.5.2}% 32
\BOOKMARK [1][-]{section.5.3}{\376\377\000M\000o\000n\000i\000t\000o\000r\000i\000n\000g\000\040\000\046\000\040\000O\000b\000s\000e\000r\000v\000a\000b\000i\000l\000i\000t\000y}{chapter.5}% 33
\BOOKMARK [1][-]{section.5.4}{\376\377\000P\000e\000r\000i\000n\000g\000a\000t\000a\000n\000\040\000P\000e\000n\000t\000i\000n\000g}{chapter.5}% 34
\BOOKMARK [0][-]{chapter.6}{\376\377\000R\000a\000n\000g\000k\000u\000m\000a\000n\000\040\000\046\000\040\000R\000e\000k\000o\000m\000e\000n\000d\000a\000s\000i}{}% 35
\BOOKMARK [1][-]{section.6.1}{\376\377\000P\000o\000i\000n\000\040\000K\000u\000n\000c\000i}{chapter.6}% 36
\BOOKMARK [1][-]{section.6.2}{\376\377\000R\000e\000s\000o\000u\000r\000c\000e\000\040\000L\000a\000n\000j\000u\000t\000a\000n}{chapter.6}% 37
\BOOKMARK [2][-]{subsection.6.2.1}{\376\377\000D\000o\000k\000u\000m\000e\000n\000t\000a\000s\000i\000\040\000R\000e\000s\000m\000i}{section.6.2}% 38
\BOOKMARK [2][-]{subsection.6.2.2}{\376\377\000P\000e\000m\000b\000e\000l\000a\000j\000a\000r\000a\000n\000\040\000L\000a\000n\000j\000u\000t}{section.6.2}% 39
